0 info it worked if it ends with ok
1 verbose cli [ 'node',
1 verbose cli   '/usr/local/bin/npm',
1 verbose cli   'install',
1 verbose cli   '-g',
1 verbose cli   'express-generator',
1 verbose cli   '.' ]
2 info using npm@1.4.9
3 info using node@v0.10.30
4 verbose node symlink /usr/local/bin/node
5 verbose cache add [ 'express-generator', null ]
6 verbose cache add name=undefined spec="express-generator" args=["express-generator",null]
7 verbose parsed url { protocol: null,
7 verbose parsed url   slashes: null,
7 verbose parsed url   auth: null,
7 verbose parsed url   host: null,
7 verbose parsed url   port: null,
7 verbose parsed url   hostname: null,
7 verbose parsed url   hash: null,
7 verbose parsed url   search: null,
7 verbose parsed url   query: null,
7 verbose parsed url   pathname: 'express-generator',
7 verbose parsed url   path: 'express-generator',
7 verbose parsed url   href: 'express-generator' }
8 verbose cache add [ '.', null ]
9 verbose cache add name=undefined spec="." args=[".",null]
10 verbose parsed url { protocol: null,
10 verbose parsed url   slashes: null,
10 verbose parsed url   auth: null,
10 verbose parsed url   host: null,
10 verbose parsed url   port: null,
10 verbose parsed url   hostname: null,
10 verbose parsed url   hash: null,
10 verbose parsed url   search: null,
10 verbose parsed url   query: null,
10 verbose parsed url   pathname: '.',
10 verbose parsed url   path: '.',
10 verbose parsed url   href: '.' }
11 silly lockFile 198a68d8-express-generator express-generator
12 verbose lock express-generator /Users/standyro/.npm/198a68d8-express-generator.lock
13 silly lockFile 3a52ce78- .
14 verbose lock . /Users/standyro/.npm/3a52ce78-.lock
15 silly lockFile 198a68d8-express-generator express-generator
16 silly lockFile 198a68d8-express-generator express-generator
17 verbose addNamed [ 'express-generator', '' ]
18 verbose addNamed [ null, '*' ]
19 silly lockFile bd41e3d3-express-generator express-generator@
20 verbose lock express-generator@ /Users/standyro/.npm/bd41e3d3-express-generator.lock
21 silly lockFile 3a52ce78- .
22 silly lockFile 3a52ce78- .
23 silly addNameRange { name: 'express-generator', range: '*', hasData: false }
24 error addLocal Could not install .
25 error Error: ENOENT, open 'package.json'
26 error If you need help, you may report this *entire* log,
26 error including the npm and node versions, at:
26 error     <http://github.com/npm/npm/issues>
27 error System Darwin 13.3.0
28 error command "node" "/usr/local/bin/npm" "install" "-g" "express-generator" "."
29 error cwd /Users/standyro/Sources/standyro.com
30 error node -v v0.10.30
31 error npm -v 1.4.9
32 error path package.json
33 error code ENOENT
34 error errno 34
35 verbose exit [ 34, true ]
